{"total": {"lines":{"total":205,"covered":88,"skipped":0,"pct":42.92},"statements":{"total":207,"covered":88,"skipped":0,"pct":42.51},"functions":{"total":43,"covered":1,"skipped":0,"pct":2.32},"branches":{"total":38,"covered":2,"skipped":0,"pct":5.26},"branchesTrue":{"total":0,"covered":0,"skipped":0,"pct":100}}
,"E:\\My staff\\Daniel work\\my_brand_project\\Rest-Api\\src\\config\\cloudinary.js": {"lines":{"total":3,"covered":3,"skipped":0,"pct":100},"functions":{"total":0,"covered":0,"skipped":0,"pct":100},"statements":{"total":3,"covered":3,"skipped":0,"pct":100},"branches":{"total":0,"covered":0,"skipped":0,"pct":100}}
,"E:\\My staff\\Daniel work\\my_brand_project\\Rest-Api\\src\\config\\db.js": {"lines":{"total":6,"covered":5,"skipped":0,"pct":83.33},"functions":{"total":2,"covered":1,"skipped":0,"pct":50},"statements":{"total":6,"covered":5,"skipped":0,"pct":83.33},"branches":{"total":4,"covered":2,"skipped":0,"pct":50}}
,"E:\\My staff\\Daniel work\\my_brand_project\\Rest-Api\\src\\controllers\\articleController.js": {"lines":{"total":83,"covered":15,"skipped":0,"pct":18.07},"functions":{"total":28,"covered":0,"skipped":0,"pct":0},"statements":{"total":85,"covered":15,"skipped":0,"pct":17.64},"branches":{"total":20,"covered":0,"skipped":0,"pct":0}}
,"E:\\My staff\\Daniel work\\my_brand_project\\Rest-Api\\src\\controllers\\messageContraller.js": {"lines":{"total":16,"covered":5,"skipped":0,"pct":31.25},"functions":{"total":5,"covered":0,"skipped":0,"pct":0},"statements":{"total":16,"covered":5,"skipped":0,"pct":31.25},"branches":{"total":2,"covered":0,"skipped":0,"pct":0}}
,"E:\\My staff\\Daniel work\\my_brand_project\\Rest-Api\\src\\controllers\\userController.js": {"lines":{"total":30,"covered":9,"skipped":0,"pct":30},"functions":{"total":5,"covered":0,"skipped":0,"pct":0},"statements":{"total":30,"covered":9,"skipped":0,"pct":30},"branches":{"total":6,"covered":0,"skipped":0,"pct":0}}
,"E:\\My staff\\Daniel work\\my_brand_project\\Rest-Api\\src\\helpers\\photoUpload.js": {"lines":{"total":9,"covered":3,"skipped":0,"pct":33.33},"functions":{"total":2,"covered":0,"skipped":0,"pct":0},"statements":{"total":9,"covered":3,"skipped":0,"pct":33.33},"branches":{"total":0,"covered":0,"skipped":0,"pct":100}}
,"E:\\My staff\\Daniel work\\my_brand_project\\Rest-Api\\src\\helpers\\validation_schema.js": {"lines":{"total":8,"covered":8,"skipped":0,"pct":100},"functions":{"total":0,"covered":0,"skipped":0,"pct":100},"statements":{"total":8,"covered":8,"skipped":0,"pct":100},"branches":{"total":0,"covered":0,"skipped":0,"pct":100}}
,"E:\\My staff\\Daniel work\\my_brand_project\\Rest-Api\\src\\middlewares\\AuthoMiddleware.js": {"lines":{"total":15,"covered":5,"skipped":0,"pct":33.33},"functions":{"total":1,"covered":0,"skipped":0,"pct":0},"statements":{"total":15,"covered":5,"skipped":0,"pct":33.33},"branches":{"total":6,"covered":0,"skipped":0,"pct":0}}
,"E:\\My staff\\Daniel work\\my_brand_project\\Rest-Api\\src\\models\\articleModel.js": {"lines":{"total":4,"covered":4,"skipped":0,"pct":100},"functions":{"total":0,"covered":0,"skipped":0,"pct":100},"statements":{"total":4,"covered":4,"skipped":0,"pct":100},"branches":{"total":0,"covered":0,"skipped":0,"pct":100}}
,"E:\\My staff\\Daniel work\\my_brand_project\\Rest-Api\\src\\models\\messageModel.js": {"lines":{"total":3,"covered":3,"skipped":0,"pct":100},"functions":{"total":0,"covered":0,"skipped":0,"pct":100},"statements":{"total":3,"covered":3,"skipped":0,"pct":100},"branches":{"total":0,"covered":0,"skipped":0,"pct":100}}
,"E:\\My staff\\Daniel work\\my_brand_project\\Rest-Api\\src\\models\\userModel.js": {"lines":{"total":3,"covered":3,"skipped":0,"pct":100},"functions":{"total":0,"covered":0,"skipped":0,"pct":100},"statements":{"total":3,"covered":3,"skipped":0,"pct":100},"branches":{"total":0,"covered":0,"skipped":0,"pct":100}}
,"E:\\My staff\\Daniel work\\my_brand_project\\Rest-Api\\src\\routers\\articleRouter.js": {"lines":{"total":12,"covered":12,"skipped":0,"pct":100},"functions":{"total":0,"covered":0,"skipped":0,"pct":100},"statements":{"total":12,"covered":12,"skipped":0,"pct":100},"branches":{"total":0,"covered":0,"skipped":0,"pct":100}}
,"E:\\My staff\\Daniel work\\my_brand_project\\Rest-Api\\src\\routers\\messageRouter.js": {"lines":{"total":7,"covered":7,"skipped":0,"pct":100},"functions":{"total":0,"covered":0,"skipped":0,"pct":100},"statements":{"total":7,"covered":7,"skipped":0,"pct":100},"branches":{"total":0,"covered":0,"skipped":0,"pct":100}}
,"E:\\My staff\\Daniel work\\my_brand_project\\Rest-Api\\src\\routers\\userRouter.js": {"lines":{"total":6,"covered":6,"skipped":0,"pct":100},"functions":{"total":0,"covered":0,"skipped":0,"pct":100},"statements":{"total":6,"covered":6,"skipped":0,"pct":100},"branches":{"total":0,"covered":0,"skipped":0,"pct":100}}
}
